build/app/intermediates/manifest_merge_blame_file/release/manifest-merger-blame-release-report.txt
1<?xml version="1.0" encoding="utf-8"?>
2<manifest xmlns:android="http://schemas.android.com/apk/res/android"
3    package="com.anncode.platzitripsflutter"
4    android:versionCode="1"
5    android:versionName="1.0.0" >
6
7    <uses-sdk
8        android:minSdkVersion="21"
8-->src\main\AndroidManifest.xml
9        android:targetSdkVersion="28" />
9-->src\main\AndroidManifest.xml
10
11    <!--
12         The INTERNET permission is required for development. Specifically,
13         flutter needs it to communicate with the running application
14         to allow setting breakpoints, to provide hot reload, etc.
15    -->
16    <uses-permission android:name="android.permission.INTERNET" />
16-->src\main\AndroidManifest.xml:8:5-66
16-->src\main\AndroidManifest.xml:8:22-64
17    <uses-permission android:name="android.permission.READ_EXTERNAL_STORAGE" />
17-->[:image_picker] AndroidManifest.xml:7:5-80
17-->[:image_picker] AndroidManifest.xml:7:22-77
18    <uses-permission android:name="android.permission.WRITE_EXTERNAL_STORAGE" /> <!-- Although the *SdkVersion is captured in gradle build files, this is required for non gradle builds -->
18-->[:image_picker] AndroidManifest.xml:8:5-81
18-->[:image_picker] AndroidManifest.xml:8:22-78
19    <!-- <uses-sdk android:minSdkVersion="14" /> -->
20    <uses-permission android:name="android.permission.ACCESS_NETWORK_STATE" />
20-->[com.google.firebase:firebase-firestore:18.2.0] AndroidManifest.xml:13:5-79
20-->[com.google.firebase:firebase-firestore:18.2.0] AndroidManifest.xml:13:22-76
21    <uses-permission android:name="android.permission.WAKE_LOCK" />
21-->[com.google.firebase:firebase-measurement-connector-impl:17.0.2] AndroidManifest.xml:24:5-68
21-->[com.google.firebase:firebase-measurement-connector-impl:17.0.2] AndroidManifest.xml:24:22-65
22    <uses-permission android:name="com.google.android.finsky.permission.BIND_GET_INSTALL_REFERRER_SERVICE" /> <!-- Required by older versions of Google Play services to create IID tokens -->
22-->[com.google.firebase:firebase-analytics:16.0.4] AndroidManifest.xml:26:5-110
22-->[com.google.firebase:firebase-analytics:16.0.4] AndroidManifest.xml:26:22-107
23    <uses-permission android:name="com.google.android.c2dm.permission.RECEIVE" />
23-->[com.google.firebase:firebase-iid:17.0.3] AndroidManifest.xml:26:5-82
23-->[com.google.firebase:firebase-iid:17.0.3] AndroidManifest.xml:26:22-79
24    <!--
25 io.flutter.app.FlutterApplication is an android.app.Application that
26         calls FlutterMain.startInitialization(this); in its onCreate method.
27         In most cases you can leave this as-is, but you if you want to provide
28         additional functionality it is fine to subclass or reimplement
29         FlutterApplication and put your custom class here.
30    -->
31    <application
31-->src\main\AndroidManifest.xml:15:5-38:19
32        android:name="io.flutter.app.FlutterApplication"
32-->src\main\AndroidManifest.xml:16:9-57
33        android:appComponentFactory="androidx.core.app.CoreComponentFactory"
33-->[androidx.core:core:1.1.0] AndroidManifest.xml:24:18-86
34        android:icon="@mipmap/ic_launcher"
34-->src\main\AndroidManifest.xml:18:9-43
35        android:label="platzi_trips_app" >
35-->src\main\AndroidManifest.xml:17:9-41
36        <activity
36-->src\main\AndroidManifest.xml:19:9-37:20
37            android:name="com.anncode.platzitripsflutter.MainActivity"
37-->src\main\AndroidManifest.xml:20:13-41
38            android:configChanges="orientation|keyboardHidden|keyboard|screenSize|locale|layoutDirection|fontScale|screenLayout|density"
38-->src\main\AndroidManifest.xml:23:13-137
39            android:hardwareAccelerated="true"
39-->src\main\AndroidManifest.xml:24:13-47
40            android:launchMode="singleTop"
40-->src\main\AndroidManifest.xml:21:13-43
41            android:theme="@style/LaunchTheme"
41-->src\main\AndroidManifest.xml:22:13-47
42            android:windowSoftInputMode="adjustResize" >
42-->src\main\AndroidManifest.xml:25:13-55
43
44            <!--
45                 This keeps the window background of the activity showing
46                 until Flutter renders its first frame. It can be removed if
47                 there is no splash screen (such as the default splash screen
48                 defined in @style/LaunchTheme).
49            -->
50            <meta-data
50-->src\main\AndroidManifest.xml:30:13-32:40
51                android:name="io.flutter.app.android.SplashScreenUntilFirstFrame"
51-->src\main\AndroidManifest.xml:31:17-82
52                android:value="true" />
52-->src\main\AndroidManifest.xml:32:17-37
53
54            <intent-filter>
54-->src\main\AndroidManifest.xml:33:13-36:29
55                <action android:name="android.intent.action.MAIN" />
55-->src\main\AndroidManifest.xml:34:17-68
55-->src\main\AndroidManifest.xml:34:25-66
56
57                <category android:name="android.intent.category.LAUNCHER" />
57-->src\main\AndroidManifest.xml:35:17-76
57-->src\main\AndroidManifest.xml:35:27-74
58            </intent-filter>
59        </activity>
60
61        <provider
61-->[:image_picker] AndroidManifest.xml:11:9-19:20
62            android:name="io.flutter.plugins.imagepicker.ImagePickerFileProvider"
62-->[:image_picker] AndroidManifest.xml:12:13-82
63            android:authorities="com.anncode.platzitripsflutter.flutter.image_provider"
63-->[:image_picker] AndroidManifest.xml:13:13-74
64            android:exported="false"
64-->[:image_picker] AndroidManifest.xml:14:13-37
65            android:grantUriPermissions="true" >
65-->[:image_picker] AndroidManifest.xml:15:13-47
66            <meta-data
66-->[:image_picker] AndroidManifest.xml:16:13-18:75
67                android:name="android.support.FILE_PROVIDER_PATHS"
67-->[:image_picker] AndroidManifest.xml:17:17-67
68                android:resource="@xml/flutter_image_picker_file_paths" />
68-->[:image_picker] AndroidManifest.xml:18:17-72
69        </provider>
70
71        <activity
71-->[com.google.android.gms:play-services-auth:16.0.1] AndroidManifest.xml:23:9-27:75
72            android:name="com.google.android.gms.auth.api.signin.internal.SignInHubActivity"
72-->[com.google.android.gms:play-services-auth:16.0.1] AndroidManifest.xml:24:13-93
73            android:excludeFromRecents="true"
73-->[com.google.android.gms:play-services-auth:16.0.1] AndroidManifest.xml:25:13-46
74            android:exported="false"
74-->[com.google.android.gms:play-services-auth:16.0.1] AndroidManifest.xml:26:13-37
75            android:theme="@android:style/Theme.Translucent.NoTitleBar" />
75-->[com.google.android.gms:play-services-auth:16.0.1] AndroidManifest.xml:27:13-72
76        <!--
77            Service handling Google Sign-In user revocation. For apps that do not integrate with
78            Google Sign-In, this service will never be started.
79        -->
80        <service
80-->[com.google.android.gms:play-services-auth:16.0.1] AndroidManifest.xml:33:9-36:110
81            android:name="com.google.android.gms.auth.api.signin.RevocationBoundService"
81-->[com.google.android.gms:play-services-auth:16.0.1] AndroidManifest.xml:34:13-89
82            android:exported="true"
82-->[com.google.android.gms:play-services-auth:16.0.1] AndroidManifest.xml:35:13-36
83            android:permission="com.google.android.gms.auth.api.signin.permission.REVOCATION_NOTIFICATION" />
83-->[com.google.android.gms:play-services-auth:16.0.1] AndroidManifest.xml:36:13-107
84        <service
84-->[com.google.firebase:firebase-firestore:18.2.0] AndroidManifest.xml:17:9-21:19
85            android:name="com.google.firebase.components.ComponentDiscoveryService"
85-->[com.google.firebase:firebase-firestore:18.2.0] AndroidManifest.xml:17:18-89
86            android:exported="false" >
86-->[com.google.firebase:firebase-auth:16.0.5] AndroidManifest.xml:35:13-37
87            <meta-data
87-->[com.google.firebase:firebase-firestore:18.2.0] AndroidManifest.xml:18:13-20:85
88                android:name="com.google.firebase.components:com.google.firebase.firestore.FirestoreRegistrar"
88-->[com.google.firebase:firebase-firestore:18.2.0] AndroidManifest.xml:19:17-111
89                android:value="com.google.firebase.components.ComponentRegistrar" />
89-->[com.google.firebase:firebase-firestore:18.2.0] AndroidManifest.xml:20:17-82
90            <meta-data
90-->[com.google.firebase:firebase-auth:16.0.5] AndroidManifest.xml:36:13-38:85
91                android:name="com.google.firebase.components:com.google.firebase.auth.FirebaseAuthRegistrar"
91-->[com.google.firebase:firebase-auth:16.0.5] AndroidManifest.xml:37:17-109
92                android:value="com.google.firebase.components.ComponentRegistrar" />
92-->[com.google.firebase:firebase-auth:16.0.5] AndroidManifest.xml:38:17-82
93            <meta-data
93-->[com.google.firebase:firebase-measurement-connector-impl:17.0.2] AndroidManifest.xml:28:13-30:85
94                android:name="com.google.firebase.components:com.google.firebase.analytics.connector.internal.AnalyticsConnectorRegistrar"
94-->[com.google.firebase:firebase-measurement-connector-impl:17.0.2] AndroidManifest.xml:29:17-139
95                android:value="com.google.firebase.components.ComponentRegistrar" />
95-->[com.google.firebase:firebase-measurement-connector-impl:17.0.2] AndroidManifest.xml:30:17-82
96            <meta-data
96-->[com.google.firebase:firebase-iid:17.0.3] AndroidManifest.xml:32:13-34:85
97                android:name="com.google.firebase.components:com.google.firebase.iid.Registrar"
97-->[com.google.firebase:firebase-iid:17.0.3] AndroidManifest.xml:33:17-96
98                android:value="com.google.firebase.components.ComponentRegistrar" />
98-->[com.google.firebase:firebase-iid:17.0.3] AndroidManifest.xml:34:17-82
99        </service>
100
101        <activity
101-->[com.google.firebase:firebase-auth:16.0.5] AndroidManifest.xml:24:9-31:50
102            android:name="com.google.firebase.auth.internal.FederatedSignInActivity"
102-->[com.google.firebase:firebase-auth:16.0.5] AndroidManifest.xml:25:13-85
103            android:excludeFromRecents="true"
103-->[com.google.firebase:firebase-auth:16.0.5] AndroidManifest.xml:26:13-46
104            android:exported="true"
104-->[com.google.firebase:firebase-auth:16.0.5] AndroidManifest.xml:27:13-36
105            android:launchMode="singleTask"
105-->[com.google.firebase:firebase-auth:16.0.5] AndroidManifest.xml:28:13-44
106            android:permission="com.google.firebase.auth.api.gms.permission.LAUNCH_FEDERATED_SIGN_IN"
106-->[com.google.firebase:firebase-auth:16.0.5] AndroidManifest.xml:29:13-102
107            android:theme="@android:style/Theme.Translucent.NoTitleBar" />
107-->[com.google.firebase:firebase-auth:16.0.5] AndroidManifest.xml:30:13-72
108
109        <receiver
109-->[com.google.firebase:firebase-analytics:16.0.4] AndroidManifest.xml:29:9-33:20
110            android:name="com.google.android.gms.measurement.AppMeasurementReceiver"
110-->[com.google.firebase:firebase-analytics:16.0.4] AndroidManifest.xml:30:13-85
111            android:enabled="true"
111-->[com.google.firebase:firebase-analytics:16.0.4] AndroidManifest.xml:31:13-35
112            android:exported="false" >
112-->[com.google.firebase:firebase-analytics:16.0.4] AndroidManifest.xml:32:13-37
113        </receiver>
114        <receiver
114-->[com.google.firebase:firebase-analytics:16.0.4] AndroidManifest.xml:34:9-42:20
115            android:name="com.google.android.gms.measurement.AppMeasurementInstallReferrerReceiver"
115-->[com.google.firebase:firebase-analytics:16.0.4] AndroidManifest.xml:35:13-100
116            android:enabled="true"
116-->[com.google.firebase:firebase-analytics:16.0.4] AndroidManifest.xml:36:13-35
117            android:exported="true"
117-->[com.google.firebase:firebase-analytics:16.0.4] AndroidManifest.xml:37:13-36
118            android:permission="android.permission.INSTALL_PACKAGES" >
118-->[com.google.firebase:firebase-analytics:16.0.4] AndroidManifest.xml:38:13-69
119            <intent-filter>
119-->[com.google.firebase:firebase-analytics:16.0.4] AndroidManifest.xml:39:13-41:29
120                <action android:name="com.android.vending.INSTALL_REFERRER" />
120-->[com.google.firebase:firebase-analytics:16.0.4] AndroidManifest.xml:40:17-79
120-->[com.google.firebase:firebase-analytics:16.0.4] AndroidManifest.xml:40:25-76
121            </intent-filter>
122        </receiver>
123
124        <service
124-->[com.google.firebase:firebase-analytics:16.0.4] AndroidManifest.xml:44:9-47:40
125            android:name="com.google.android.gms.measurement.AppMeasurementService"
125-->[com.google.firebase:firebase-analytics:16.0.4] AndroidManifest.xml:45:13-84
126            android:enabled="true"
126-->[com.google.firebase:firebase-analytics:16.0.4] AndroidManifest.xml:46:13-35
127            android:exported="false" />
127-->[com.google.firebase:firebase-analytics:16.0.4] AndroidManifest.xml:47:13-37
128        <service
128-->[com.google.firebase:firebase-analytics:16.0.4] AndroidManifest.xml:48:9-52:72
129            android:name="com.google.android.gms.measurement.AppMeasurementJobService"
129-->[com.google.firebase:firebase-analytics:16.0.4] AndroidManifest.xml:49:13-87
130            android:enabled="true"
130-->[com.google.firebase:firebase-analytics:16.0.4] AndroidManifest.xml:50:13-35
131            android:exported="false"
131-->[com.google.firebase:firebase-analytics:16.0.4] AndroidManifest.xml:51:13-37
132            android:permission="android.permission.BIND_JOB_SERVICE" />
132-->[com.google.firebase:firebase-analytics:16.0.4] AndroidManifest.xml:52:13-69
133
134        <receiver
134-->[com.google.firebase:firebase-iid:17.0.3] AndroidManifest.xml:37:9-44:20
135            android:name="com.google.firebase.iid.FirebaseInstanceIdReceiver"
135-->[com.google.firebase:firebase-iid:17.0.3] AndroidManifest.xml:38:13-78
136            android:exported="true"
136-->[com.google.firebase:firebase-iid:17.0.3] AndroidManifest.xml:39:13-36
137            android:permission="com.google.android.c2dm.permission.SEND" >
137-->[com.google.firebase:firebase-iid:17.0.3] AndroidManifest.xml:40:13-73
138            <intent-filter>
138-->[com.google.firebase:firebase-iid:17.0.3] AndroidManifest.xml:41:13-43:29
139                <action android:name="com.google.android.c2dm.intent.RECEIVE" />
139-->[com.google.firebase:firebase-iid:17.0.3] AndroidManifest.xml:42:17-81
139-->[com.google.firebase:firebase-iid:17.0.3] AndroidManifest.xml:42:25-78
140            </intent-filter>
141        </receiver>
142        <!--
143             FirebaseInstanceIdService performs security checks at runtime,
144             no need for explicit permissions despite exported="true"
145        -->
146        <service
146-->[com.google.firebase:firebase-iid:17.0.3] AndroidManifest.xml:50:9-56:19
147            android:name="com.google.firebase.iid.FirebaseInstanceIdService"
147-->[com.google.firebase:firebase-iid:17.0.3] AndroidManifest.xml:51:13-77
148            android:exported="true" >
148-->[com.google.firebase:firebase-iid:17.0.3] AndroidManifest.xml:52:13-36
149            <intent-filter android:priority="-500" >
149-->[com.google.firebase:firebase-iid:17.0.3] AndroidManifest.xml:53:13-55:29
149-->[com.google.firebase:firebase-iid:17.0.3] AndroidManifest.xml:53:28-51
150                <action android:name="com.google.firebase.INSTANCE_ID_EVENT" />
150-->[com.google.firebase:firebase-iid:17.0.3] AndroidManifest.xml:54:17-80
150-->[com.google.firebase:firebase-iid:17.0.3] AndroidManifest.xml:54:25-77
151            </intent-filter>
152        </service>
153
154        <activity
154-->[com.google.android.gms:play-services-base:16.0.1] AndroidManifest.xml:23:9-26:75
155            android:name="com.google.android.gms.common.api.GoogleApiActivity"
155-->[com.google.android.gms:play-services-base:16.0.1] AndroidManifest.xml:24:13-79
156            android:exported="false"
156-->[com.google.android.gms:play-services-base:16.0.1] AndroidManifest.xml:25:13-37
157            android:theme="@android:style/Theme.Translucent.NoTitleBar" />
157-->[com.google.android.gms:play-services-base:16.0.1] AndroidManifest.xml:26:13-72
158
159        <provider
159-->[com.google.firebase:firebase-common:16.1.0] AndroidManifest.xml:12:9-16:39
160            android:name="com.google.firebase.provider.FirebaseInitProvider"
160-->[com.google.firebase:firebase-common:16.1.0] AndroidManifest.xml:13:13-77
161            android:authorities="com.anncode.platzitripsflutter.firebaseinitprovider"
161-->[com.google.firebase:firebase-common:16.1.0] AndroidManifest.xml:14:13-72
162            android:exported="false"
162-->[com.google.firebase:firebase-common:16.1.0] AndroidManifest.xml:15:13-37
163            android:initOrder="100" />
163-->[com.google.firebase:firebase-common:16.1.0] AndroidManifest.xml:16:13-36
164
165        <meta-data
165-->[com.google.android.gms:play-services-basement:16.1.0] AndroidManifest.xml:23:9-25:69
166            android:name="com.google.android.gms.version"
166-->[com.google.android.gms:play-services-basement:16.1.0] AndroidManifest.xml:24:13-58
167            android:value="@integer/google_play_services_version" />
167-->[com.google.android.gms:play-services-basement:16.1.0] AndroidManifest.xml:25:13-66
168    </application>
169
170</manifest>